C:\Program Files\Microsoft Visual Studio\2022\Community\MSBuild\Microsoft\VC\v170\Microsoft.CppBuild.targets(514,5): warning MSB8028: O diretório intermediário (x64\Debug\) contém arquivos compartilhados de outro projeto (Octree.vcxproj). Isso pode levar a um comportamento incorreto de limpeza e recompilação.
  analysis.cpp
C:\Users\matuf\OneDrive\Área de Trabalho\Mestrado\Doutorado\2  semestre\Modelagem Geométrica\Trabalho 1\Octree-MG\Octree\analysis.cpp(5,15): warning C4244: 'inicializando': conversão de 'double' para 'float', possível perda de dados
C:\Users\matuf\OneDrive\Área de Trabalho\Mestrado\Doutorado\2  semestre\Modelagem Geométrica\Trabalho 1\Octree-MG\Octree\analysis.cpp(10,15): warning C4244: 'inicializando': conversão de 'double' para 'float', possível perda de dados
C:\Users\matuf\OneDrive\Área de Trabalho\Mestrado\Doutorado\2  semestre\Modelagem Geométrica\Trabalho 1\Octree-MG\Octree\analysis.cpp(15,15): warning C4244: 'inicializando': conversão de 'double' para 'float', possível perda de dados
C:\Users\matuf\OneDrive\Área de Trabalho\Mestrado\Doutorado\2  semestre\Modelagem Geométrica\Trabalho 1\Octree-MG\Octree\analysis.cpp(20,15): warning C4244: 'inicializando': conversão de 'double' para 'float', possível perda de dados
C:\Users\matuf\OneDrive\Área de Trabalho\Mestrado\Doutorado\2  semestre\Modelagem Geométrica\Trabalho 1\Octree-MG\Octree\analysis.cpp(35,15): warning C4244: 'inicializando': conversão de 'double' para 'float', possível perda de dados
C:\Users\matuf\OneDrive\Área de Trabalho\Mestrado\Doutorado\2  semestre\Modelagem Geométrica\Trabalho 1\Octree-MG\Octree\analysis.cpp(40,15): warning C4244: 'inicializando': conversão de 'double' para 'float', possível perda de dados
  boolean.cpp
  main.cpp
  primitive.cpp
C:\Users\matuf\OneDrive\Área de Trabalho\Mestrado\Doutorado\2  semestre\Modelagem Geométrica\Trabalho 1\Octree-MG\Octree\analysis.cpp(5,15): warning C4244: 'inicializando': conversão de 'double' para 'float', possível perda de dados
C:\Users\matuf\OneDrive\Área de Trabalho\Mestrado\Doutorado\2  semestre\Modelagem Geométrica\Trabalho 1\Octree-MG\Octree\analysis.cpp(10,15): warning C4244: 'inicializando': conversão de 'double' para 'float', possível perda de dados
C:\Users\matuf\OneDrive\Área de Trabalho\Mestrado\Doutorado\2  semestre\Modelagem Geométrica\Trabalho 1\Octree-MG\Octree\analysis.cpp(15,15): warning C4244: 'inicializando': conversão de 'double' para 'float', possível perda de dados
C:\Users\matuf\OneDrive\Área de Trabalho\Mestrado\Doutorado\2  semestre\Modelagem Geométrica\Trabalho 1\Octree-MG\Octree\analysis.cpp(20,15): warning C4244: 'inicializando': conversão de 'double' para 'float', possível perda de dados
C:\Users\matuf\OneDrive\Área de Trabalho\Mestrado\Doutorado\2  semestre\Modelagem Geométrica\Trabalho 1\Octree-MG\Octree\analysis.cpp(35,15): warning C4244: 'inicializando': conversão de 'double' para 'float', possível perda de dados
C:\Users\matuf\OneDrive\Área de Trabalho\Mestrado\Doutorado\2  semestre\Modelagem Geométrica\Trabalho 1\Octree-MG\Octree\analysis.cpp(40,15): warning C4244: 'inicializando': conversão de 'double' para 'float', possível perda de dados
C:\Users\matuf\OneDrive\Área de Trabalho\Mestrado\Doutorado\2  semestre\Modelagem Geométrica\Trabalho 1\Octree-MG\Octree\primitive.cpp(35,14): warning C4244: 'inicializando': conversão de 'double' para 'float', possível perda de dados
C:\Users\matuf\OneDrive\Área de Trabalho\Mestrado\Doutorado\2  semestre\Modelagem Geométrica\Trabalho 1\Octree-MG\Octree\primitive.cpp(36,14): warning C4244: 'inicializando': conversão de 'double' para 'float', possível perda de dados
C:\Users\matuf\OneDrive\Área de Trabalho\Mestrado\Doutorado\2  semestre\Modelagem Geométrica\Trabalho 1\Octree-MG\Octree\primitive.cpp(37,14): warning C4244: 'inicializando': conversão de 'double' para 'float', possível perda de dados
  Gerando Código...
  Octree.vcxproj -> C:\Users\matuf\OneDrive\Área de Trabalho\Mestrado\Doutorado\2  semestre\Modelagem Geométrica\Trabalho 1\Octree-MG\x64\Debug\Octree-MG.exe
